c:\users\filipe\documents\visual studio 2013\projects\calproject2\calproject2\debug\calproject2.frmmain.resources
c:\users\filipe\documents\visual studio 2013\projects\calproject2\calproject2\debug\calproject2.wordform.resources
c:\users\filipe\documents\visual studio 2013\projects\calproject2\calproject2\debug\calproject2.textboxpopup.resources
c:\users\filipe\documents\visual studio 2013\projects\calproject2\calproject2\debug\vc120.pdb
c:\users\filipe\documents\visual studio 2013\projects\calproject2\calproject2\debug\.netframework,version=v4.5.1.assemblyattributes.obj
c:\users\filipe\documents\visual studio 2013\projects\calproject2\calproject2\debug\textboxpopup.obj
c:\users\filipe\documents\visual studio 2013\projects\calproject2\calproject2\debug\parsing.obj
c:\users\filipe\documents\visual studio 2013\projects\calproject2\calproject2\debug\main.obj
c:\users\filipe\documents\visual studio 2013\projects\calproject2\calproject2\debug\menu.obj
c:\users\filipe\documents\visual studio 2013\projects\calproject2\calproject2\debug\trie.obj
c:\users\filipe\documents\visual studio 2013\projects\calproject2\calproject2\debug\heuristica.obj
c:\users\filipe\documents\visual studio 2013\projects\calproject2\calproject2\debug\autocorrect.obj
c:\users\filipe\documents\visual studio 2013\projects\calproject2\calproject2\debug\calproject2.vcxproj.generateresource.cache
c:\users\filipe\documents\visual studio 2013\projects\calproject2\calproject2\debug\calproject2.vcxprojresolveassemblyreference.cache
c:\users\filipe\documents\visual studio 2013\projects\calproject2\calproject2\debug\nativecodeanalysis.read.1.tlog
c:\users\filipe\documents\visual studio 2013\projects\calproject2\calproject2\debug\.netframework,version=v4.5.1.assemblyattributes.nativecodeanalysis.xml
c:\users\filipe\documents\visual studio 2013\projects\calproject2\calproject2\debug\autocorrect.nativecodeanalysis.xml
c:\users\filipe\documents\visual studio 2013\projects\calproject2\calproject2\debug\main.nativecodeanalysis.xml
c:\users\filipe\documents\visual studio 2013\projects\calproject2\calproject2\debug\menu.nativecodeanalysis.xml
c:\users\filipe\documents\visual studio 2013\projects\calproject2\calproject2\debug\parsing.nativecodeanalysis.xml
c:\users\filipe\documents\visual studio 2013\projects\calproject2\calproject2\debug\vc.nativecodeanalysis.all.xml
c:\users\filipe\documents\visual studio 2013\projects\calproject2\debug\calproject2.pdb
c:\users\filipe\documents\visual studio 2013\projects\calproject2\debug\calproject2.exe.codeanalysislog.xml
c:\users\filipe\documents\visual studio 2013\projects\calproject2\debug\calproject2.exe.lastcodeanalysissucceeded
c:\users\filipe\documents\visual studio 2013\projects\calproject2\calproject2\debug\calproject2.tlog\calproject2.write.1u.tlog
c:\users\filipe\documents\visual studio 2013\projects\calproject2\calproject2\debug\calproject2.tlog\cl.command.1.tlog
c:\users\filipe\documents\visual studio 2013\projects\calproject2\calproject2\debug\calproject2.tlog\cl.read.1.tlog
c:\users\filipe\documents\visual studio 2013\projects\calproject2\calproject2\debug\calproject2.tlog\cl.write.1.tlog
c:\users\filipe\documents\visual studio 2013\projects\calproject2\calproject2\debug\calproject2.tlog\link.2424-cvtres.read.1.tlog
c:\users\filipe\documents\visual studio 2013\projects\calproject2\calproject2\debug\calproject2.tlog\link.2424-cvtres.write.1.tlog
c:\users\filipe\documents\visual studio 2013\projects\calproject2\calproject2\debug\calproject2.tlog\link.2424-rc.read.1.tlog
c:\users\filipe\documents\visual studio 2013\projects\calproject2\calproject2\debug\calproject2.tlog\link.2424-rc.write.1.tlog
c:\users\filipe\documents\visual studio 2013\projects\calproject2\calproject2\debug\calproject2.tlog\link.2424.read.1.tlog
c:\users\filipe\documents\visual studio 2013\projects\calproject2\calproject2\debug\calproject2.tlog\link.2424.write.1.tlog
c:\users\filipe\documents\visual studio 2013\projects\calproject2\calproject2\debug\calproject2.tlog\link.3724-cvtres.read.1.tlog
c:\users\filipe\documents\visual studio 2013\projects\calproject2\calproject2\debug\calproject2.tlog\link.3724-cvtres.write.1.tlog
c:\users\filipe\documents\visual studio 2013\projects\calproject2\calproject2\debug\calproject2.tlog\link.3724-rc.read.1.tlog
c:\users\filipe\documents\visual studio 2013\projects\calproject2\calproject2\debug\calproject2.tlog\link.3724-rc.write.1.tlog
c:\users\filipe\documents\visual studio 2013\projects\calproject2\calproject2\debug\calproject2.tlog\link.3724.read.1.tlog
c:\users\filipe\documents\visual studio 2013\projects\calproject2\calproject2\debug\calproject2.tlog\link.3724.write.1.tlog
c:\users\filipe\documents\visual studio 2013\projects\calproject2\calproject2\debug\calproject2.tlog\link.460-cvtres.read.1.tlog
c:\users\filipe\documents\visual studio 2013\projects\calproject2\calproject2\debug\calproject2.tlog\link.460-cvtres.write.1.tlog
c:\users\filipe\documents\visual studio 2013\projects\calproject2\calproject2\debug\calproject2.tlog\link.460-rc.read.1.tlog
c:\users\filipe\documents\visual studio 2013\projects\calproject2\calproject2\debug\calproject2.tlog\link.460-rc.write.1.tlog
c:\users\filipe\documents\visual studio 2013\projects\calproject2\calproject2\debug\calproject2.tlog\link.460.read.1.tlog
c:\users\filipe\documents\visual studio 2013\projects\calproject2\calproject2\debug\calproject2.tlog\link.460.write.1.tlog
c:\users\filipe\documents\visual studio 2013\projects\calproject2\calproject2\debug\calproject2.tlog\link.4660-cvtres.read.1.tlog
c:\users\filipe\documents\visual studio 2013\projects\calproject2\calproject2\debug\calproject2.tlog\link.4660-cvtres.write.1.tlog
c:\users\filipe\documents\visual studio 2013\projects\calproject2\calproject2\debug\calproject2.tlog\link.4660-rc.read.1.tlog
c:\users\filipe\documents\visual studio 2013\projects\calproject2\calproject2\debug\calproject2.tlog\link.4660-rc.write.1.tlog
c:\users\filipe\documents\visual studio 2013\projects\calproject2\calproject2\debug\calproject2.tlog\link.4660.read.1.tlog
c:\users\filipe\documents\visual studio 2013\projects\calproject2\calproject2\debug\calproject2.tlog\link.4660.write.1.tlog
c:\users\filipe\documents\visual studio 2013\projects\calproject2\calproject2\debug\calproject2.tlog\link.5000-cvtres.read.1.tlog
c:\users\filipe\documents\visual studio 2013\projects\calproject2\calproject2\debug\calproject2.tlog\link.5000-cvtres.write.1.tlog
c:\users\filipe\documents\visual studio 2013\projects\calproject2\calproject2\debug\calproject2.tlog\link.5000-rc.read.1.tlog
c:\users\filipe\documents\visual studio 2013\projects\calproject2\calproject2\debug\calproject2.tlog\link.5000-rc.write.1.tlog
c:\users\filipe\documents\visual studio 2013\projects\calproject2\calproject2\debug\calproject2.tlog\link.5000.read.1.tlog
c:\users\filipe\documents\visual studio 2013\projects\calproject2\calproject2\debug\calproject2.tlog\link.5000.write.1.tlog
c:\users\filipe\documents\visual studio 2013\projects\calproject2\calproject2\debug\calproject2.tlog\link.command.1.tlog
c:\users\filipe\documents\visual studio 2013\projects\calproject2\calproject2\debug\calproject2.tlog\link.read.1.tlog
c:\users\filipe\documents\visual studio 2013\projects\calproject2\calproject2\debug\calproject2.tlog\link.write.1.tlog
c:\users\filipe\documents\visual studio 2013\projects\calproject2\calproject2\debug\calproject2.tlog\metagen.read.1.tlog
c:\users\filipe\documents\visual studio 2013\projects\calproject2\calproject2\debug\calproject2.tlog\metagen.write.1.tlog
c:\users\filipe\documents\visual studio 2013\projects\calproject2\calproject2\debug\calproject2.tlog\msxml6r.dll.bi
c:\users\filipe\documents\visual studio 2013\projects\calproject2\calproject2\debug\calproject2.tlog\tzres.dll.bi
